<?xml version="1.0" encoding="UTF-8"?>
<!-- Generated by org.testng.reporters.JUnitReportReporter -->
<testsuite hostname="Vikram" failures="0" tests="1" name="bikestestng.LaunchHayabusa" time="4.769" errors="0" timestamp="2024-07-19T15:48:42 IST" skipped="0">
  <testcase classname="bikestestng.LaunchHayabusa" name="Hayabusa" time="4.769"/>
  <system-out>
    <![CDATA[Hayabusa page is displayed]]>
  </system-out>
</testsuite> <!-- bikestestng.LaunchHayabusa -->
