<?xml version="1.0" encoding="UTF-8"?>
<!-- Generated by org.testng.reporters.JUnitReportReporter -->
<testsuite hostname="Vikram" failures="0" tests="1" name="bikestestng.LaunchHarleyDavidson" time="9.539" errors="0" timestamp="2024-07-19T15:48:42 IST" skipped="0">
  <testcase classname="bikestestng.LaunchHarleyDavidson" name="HarleyDavidson" time="9.539"/>
  <system-out>
    <![CDATA[HarleyDavidson page is displayed]]>
  </system-out>
</testsuite> <!-- bikestestng.LaunchHarleyDavidson -->
