<?xml version="1.0" encoding="UTF-8"?>
<!-- Generated by org.testng.reporters.JUnitReportReporter -->
<testsuite hostname="Vikram" failures="0" tests="1" name="carstestng.LaunchMercedes" time="5.744" errors="0" timestamp="2024-07-19T15:48:42 IST" skipped="0">
  <testcase classname="carstestng.LaunchMercedes" name="Mercedes" time="5.744"/>
  <system-out>
    <![CDATA[Mercedes page is displayed]]>
  </system-out>
</testsuite> <!-- carstestng.LaunchMercedes -->
