<?xml version="1.0" encoding="UTF-8"?>
<!-- Generated by org.testng.reporters.JUnitReportReporter -->
<testsuite hostname="Vikram" failures="0" tests="2" name="testng.Priority" time="8.340" errors="0" timestamp="2024-07-16T16:35:30 IST" skipped="0">
  <testcase classname="testng.Priority" name="Register" time="5.664"/>
  <system-out>
    <![CDATA[Register page is displayed]]>
  </system-out>
  <testcase classname="testng.Priority" name="Login" time="2.676"/>
  <system-out>
    <![CDATA[Login page is displayed]]>
  </system-out>
</testsuite> <!-- testng.Priority -->
