<?xml version="1.0" encoding="UTF-8"?>
<!-- Generated by org.testng.reporters.JUnitReportReporter -->
<testsuite hostname="Vikram" failures="0" tests="3" name="testng.AnnontationsDepends" time="42.190" errors="0" timestamp="2024-07-17T16:17:29 IST" skipped="0">
  <testcase classname="testng.AnnontationsDepends" name="Login" time="4.332"/>
  <system-out>
    <![CDATA[Login page is displayed]]>
  </system-out>
  <testcase classname="testng.AnnontationsDepends" name="Register" time="33.650"/>
  <system-out>
    <![CDATA[Register page is displayed]]>
  </system-out>
  <testcase classname="testng.AnnontationsDepends" name="AddProduct" time="4.208"/>
  <system-out>
    <![CDATA[AddToProduct page is displayed]]>
  </system-out>
</testsuite> <!-- testng.AnnontationsDepends -->
