<?xml version="1.0" encoding="UTF-8"?>
<!-- Generated by org.testng.reporters.JUnitReportReporter -->
<testsuite hostname="Vikram" failures="0" tests="1" name="testngassignment.DemoTestScripts" time="6.465" errors="0" timestamp="2024-07-25T13:08:47 IST" skipped="0">
  <testcase classname="testngassignment.DemoTestScripts" name="CheckBooks" time="6.465"/>
  <system-out>
    <![CDATA[AtoZ is selected in StorBy DropDown
Test Scrips is Passed]]>
  </system-out>
</testsuite> <!-- testngassignment.DemoTestScripts -->
