<?xml version="1.0" encoding="UTF-8"?>
<!-- Generated by org.testng.reporters.JUnitReportReporter -->
<testsuite hostname="Vikram" failures="0" tests="2" name="testngassignment.assginment1" time="12.695" errors="0" timestamp="2024-07-17T11:14:26 IST" skipped="0">
  <testcase classname="testngassignment.assginment1" name="Register" time="8.094"/>
  <system-out>
    <![CDATA[Register page is displayed and entered details]]>
  </system-out>
  <testcase classname="testngassignment.assginment1" name="Login" time="4.601"/>
  <system-out>
    <![CDATA[Login page is displayed and entered login details]]>
  </system-out>
</testsuite> <!-- testngassignment.assginment1 -->
