<?xml version="1.0" encoding="UTF-8"?>
<!-- Generated by org.testng.reporters.JUnitReportReporter -->
<testsuite hostname="Vikram" failures="0" tests="1" name="carstestng.LaunchMahindra" time="3.673" errors="0" timestamp="2024-07-19T15:48:42 IST" skipped="0">
  <testcase classname="carstestng.LaunchMahindra" name="Mahindra" time="3.673"/>
  <system-out>
    <![CDATA[Mahindra page is displayed]]>
  </system-out>
</testsuite> <!-- carstestng.LaunchMahindra -->
