<?xml version="1.0" encoding="UTF-8"?>
<!-- Generated by org.testng.reporters.JUnitReportReporter -->
<testsuite hostname="Vikram" failures="0" tests="5" name="testng.AnnontationsAttributes" time="126.398" errors="0" timestamp="2024-07-17T15:40:17 IST" skipped="0">
  <testcase classname="testng.AnnontationsAttributes" name="Register" time="7.297"/>
  <system-out>
    <![CDATA[Register page is displayed]]>
  </system-out>
  <testcase classname="testng.AnnontationsAttributes" name="Login" time="49.235"/>
  <system-out>
    <![CDATA[Login page is displayed]]>
  </system-out>
  <testcase classname="testng.AnnontationsAttributes" name="Login" time="57.515"/>
  <system-out>
    <![CDATA[Login page is displayed]]>
  </system-out>
  <testcase classname="testng.AnnontationsAttributes" name="Login" time="5.359"/>
  <system-out>
    <![CDATA[Login page is displayed]]>
  </system-out>
  <testcase classname="testng.AnnontationsAttributes" name="Login" time="6.992"/>
  <system-out>
    <![CDATA[Login page is displayed]]>
  </system-out>
</testsuite> <!-- testng.AnnontationsAttributes -->
