<?xml version="1.0" encoding="UTF-8"?>
<!-- Generated by org.testng.reporters.JUnitReportReporter -->
<testsuite hostname="Vikram" failures="0" tests="1" name="carstestng.LaunchRangeRover" time="6.619" errors="0" timestamp="2024-07-19T15:48:42 IST" skipped="0">
  <testcase classname="carstestng.LaunchRangeRover" name="RangeRover" time="6.619"/>
  <system-out>
    <![CDATA[RangeRover page is displayed]]>
  </system-out>
</testsuite> <!-- carstestng.LaunchRangeRover -->
