<?xml version="1.0" encoding="UTF-8"?>
<!-- Generated by org.testng.reporters.JUnitReportReporter -->
<testsuite hostname="Vikram" failures="0" tests="3" name="testng.CrossBrowserTesting" time="23.288" errors="0" timestamp="2024-07-23T17:10:07 IST" skipped="0">
  <testcase classname="testng.CrossBrowserTesting" name="LunchBrowser" time="6.328"/>
  <system-out/>
  <testcase classname="testng.CrossBrowserTesting" name="LunchBrowser" time="9.524"/>
  <system-out/>
  <testcase classname="testng.CrossBrowserTesting" name="LunchBrowser" time="7.436"/>
  <system-out/>
</testsuite> <!-- testng.CrossBrowserTesting -->
