<?xml version="1.0" encoding="UTF-8"?>
<!-- Generated by org.testng.reporters.JUnitReportReporter -->
<testsuite hostname="Vikram" failures="0" tests="4" name="testng.Demo" time="73.828" errors="0" timestamp="2024-07-17T15:31:45 IST" skipped="0">
  <testcase classname="testng.Demo" name="test" time="0.008"/>
  <system-out>
    <![CDATA[I have executed test cases test]]>
  </system-out>
  <testcase classname="testng.Demo" name="demo" time="0.012"/>
  <system-out>
    <![CDATA[Welcome to TestCases demo]]>
  </system-out>
  <testcase classname="testng.Demo" name="sample123" time="73.808"/>
  <system-out>
    <![CDATA[Welcome to TestNG simple]]>
  </system-out>
  <testcase classname="testng.Demo" name="zest" time="0.000"/>
  <system-out>
    <![CDATA[I have test cases zest]]>
  </system-out>
</testsuite> <!-- testng.Demo -->
