<?xml version="1.0" encoding="UTF-8"?>
<!-- Generated by org.testng.reporters.JUnitReportReporter -->
<testsuite hostname="Vikram" failures="0" tests="1" name="testng.TestScripts" time="4.007" errors="0" timestamp="2024-07-20T17:05:39 IST" skipped="0">
  <testcase classname="testng.TestScripts" name="ClickComputer" time="4.007"/>
  <system-out>
    <![CDATA[Computers screen should be dispayed]]>
  </system-out>
</testsuite> <!-- testng.TestScripts -->
