<?xml version="1.0" encoding="UTF-8"?>
<!-- Generated by org.testng.reporters.JUnitReportReporter -->
<testsuite hostname="Vikram" failures="0" tests="1" name="carstestng.LaunchLanborgini" time="5.294" errors="0" timestamp="2024-07-19T16:15:40 IST" skipped="0">
  <testcase classname="carstestng.LaunchLanborgini" name="Lanborgini" time="5.294"/>
  <system-out>
    <![CDATA[Lanborgini page is displayed]]>
  </system-out>
</testsuite> <!-- carstestng.LaunchLanborgini -->
