<?xml version="1.0" encoding="UTF-8"?>
<!-- Generated by org.testng.reporters.JUnitReportReporter -->
<testsuite hostname="Vikram" failures="0" tests="3" name="testng.ConfigurationAnnotations" time="0.018" errors="0" timestamp="2024-07-20T16:11:05 IST" skipped="0">
  <testcase classname="testng.ConfigurationAnnotations" name="TestCase3" time="0.005"/>
  <system-out>
    <![CDATA[TestCase scprits 3 is executed]]>
  </system-out>
  <testcase classname="testng.ConfigurationAnnotations" name="TestCase2" time="0.004"/>
  <system-out>
    <![CDATA[TestCase scprits 2 is executed]]>
  </system-out>
  <testcase classname="testng.ConfigurationAnnotations" name="TestCase1" time="0.009"/>
  <system-out>
    <![CDATA[TestCase scprits 1 is executed]]>
  </system-out>
</testsuite> <!-- testng.ConfigurationAnnotations -->
