<?xml version="1.0" encoding="UTF-8"?>
<!-- Generated by org.testng.reporters.JUnitReportReporter -->
<testsuite hostname="Vikram" failures="0" tests="1" name="testng.SoftAssertions" time="8.495" errors="0" timestamp="2024-07-23T15:49:05 IST" skipped="0">
  <testcase classname="testng.SoftAssertions" name="login" time="8.495"/>
  <system-out>
    <![CDATA[Login page is displayed
WelCome page is displayed]]>
  </system-out>
</testsuite> <!-- testng.SoftAssertions -->
