<?xml version="1.0" encoding="UTF-8"?>
<!-- Generated by org.testng.reporters.JUnitReportReporter -->
<testsuite hostname="Vikram" failures="0" tests="3" name="testng.Dataprovidertest" time="10.606" errors="0" timestamp="2024-07-22T16:15:03 IST" skipped="0">
  <testcase classname="testng.Dataprovidertest" name="Loginscreen" time="3.114"/>
  <system-out/>
  <testcase classname="testng.Dataprovidertest" name="Loginscreen" time="2.822"/>
  <system-out/>
  <testcase classname="testng.Dataprovidertest" name="Loginscreen" time="4.670"/>
  <system-out/>
</testsuite> <!-- testng.Dataprovidertest -->
